<?xml version="1.0" encoding="UTF-8"?>
<testng-results ignored="0" total="2" passed="2" failed="0" skipped="0">
  <reporter-output>
  </reporter-output>
  <suite started-at="2022-10-03T11:17:47 IST" name="Default suite" finished-at="2022-10-03T11:17:59 IST" duration-ms="11942">
    <groups>
    </groups>
    <test started-at="2022-10-03T11:17:47 IST" name="Default test" finished-at="2022-10-03T11:17:59 IST" duration-ms="11942">
      <class name="com.test.NewTest">
        <test-method is-config="true" signature="beforeMethod()[pri:0, instance:com.test.NewTest@76a4ebf2]" started-at="2022-10-03T11:17:47 IST" name="beforeMethod" finished-at="2022-10-03T11:17:50 IST" duration-ms="2924" status="PASS">
          <reporter-output>
          </reporter-output>
        </test-method> <!-- beforeMethod -->
        <test-method signature="facebookTest()[pri:0, instance:com.test.NewTest@76a4ebf2]" started-at="2022-10-03T11:17:50 IST" name="facebookTest" finished-at="2022-10-03T11:17:51 IST" duration-ms="1038" status="PASS">
          <reporter-output>
          </reporter-output>
        </test-method> <!-- facebookTest -->
        <test-method is-config="true" signature="afterMethod()[pri:0, instance:com.test.NewTest@76a4ebf2]" started-at="2022-10-03T11:17:51 IST" name="afterMethod" finished-at="2022-10-03T11:17:51 IST" duration-ms="329" status="PASS">
          <reporter-output>
          </reporter-output>
        </test-method> <!-- afterMethod -->
        <test-method is-config="true" signature="beforeMethod()[pri:0, instance:com.test.NewTest@76a4ebf2]" started-at="2022-10-03T11:17:51 IST" name="beforeMethod" finished-at="2022-10-03T11:17:53 IST" duration-ms="1609" status="PASS">
          <reporter-output>
          </reporter-output>
        </test-method> <!-- beforeMethod -->
        <test-method signature="googleTest()[pri:0, instance:com.test.NewTest@76a4ebf2]" started-at="2022-10-03T11:17:53 IST" name="googleTest" finished-at="2022-10-03T11:17:56 IST" duration-ms="3468" status="PASS">
          <reporter-output>
          </reporter-output>
        </test-method> <!-- googleTest -->
        <test-method is-config="true" signature="afterMethod()[pri:0, instance:com.test.NewTest@76a4ebf2]" started-at="2022-10-03T11:17:56 IST" name="afterMethod" finished-at="2022-10-03T11:17:59 IST" duration-ms="2534" status="PASS">
          <reporter-output>
          </reporter-output>
        </test-method> <!-- afterMethod -->
      </class> <!-- com.test.NewTest -->
    </test> <!-- Default test -->
  </suite> <!-- Default suite -->
</testng-results>
